Command line:
   PCT2075_isim_beh.exe
     -simmode  gui
     -simrunnum  0
     -socket  51401

Wed May 20 16:50:16 2020


 Elaboration Time: 0.078125 sec

 Current Memory Usage: 849.469 Meg

 Total Signals          : 23
 Total Nets             : 124
 Total Signal Drivers   : 18
 Total Blocks           : 4
 Total Primitive Blocks : 4
 Total Processes        : 7
 Total Traceable Variables  : 10
 Total Scalar Nets and Variables : 502
Total Line Count : 194

 Total Simulation Time: 0.140625 sec

 Current Memory Usage: 1164.57 Meg

Wed May 20 16:50:53 2020

