Running: fuse.exe -relaunch -intstyle "ise" -incremental -lib "secureip" -o "E:/PWR/sem 6/PUL/projekt/termometr/PCT2075/PCT2075_tb_isim_beh.exe" -prj "E:/PWR/sem 6/PUL/projekt/termometr/PCT2075/PCT2075_tb_beh.prj" "work.PCT2075_tb" 
ISim P.20131013 (signature 0x8ef4fb42)
Number of CPUs detected in this system: 4
Turning on mult-threading, number of parallel sub-compilation jobs: 8 
Determining compilation order of HDL files
Parsing VHDL file "E:/PWR/sem 6/PUL/projekt/termometr/PCT2075/PCT2075.vhd" into library work
Parsing VHDL file "E:/PWR/sem 6/PUL/projekt/termometr/PCT2075/PCT2075_tb.vhd" into library work
Starting static elaboration
Completed static elaboration
Fuse Memory Usage: 161708 KB
Fuse CPU Usage: 358 ms
Compiling package standard
Compiling package std_logic_1164
Compiling package std_logic_arith
Compiling package std_logic_unsigned
Compiling architecture pct2075_arch of entity PCT2075 [pct2075_default]
Compiling architecture behavior of entity pct2075_tb
Time Resolution for simulation is 1ps.
Waiting for 1 sub-compilation(s) to finish...
Compiled 7 VHDL Units
Built simulation executable E:/PWR/sem 6/PUL/projekt/termometr/PCT2075/PCT2075_tb_isim_beh.exe
Fuse Memory Usage: 176492 KB
Fuse CPU Usage: 499 ms
