Command line:
   PCT2075_tb_isim_beh.exe
     -simmode  gui
     -simrunnum  0
     -socket  51408

Wed May 20 16:51:37 2020


 Elaboration Time: 0.09375 sec

 Current Memory Usage: 845.021 Meg

 Total Signals          : 30
 Total Nets             : 124
 Total Signal Drivers   : 24
 Total Blocks           : 5
 Total Primitive Blocks : 4
 Total Processes        : 9
 Total Traceable Variables  : 11
 Total Scalar Nets and Variables : 503
Total Line Count : 357

** Failure:Assertion violation
User(VHDL) Code Called Simulation Stop
In process PCT2075_tb.vhd:stim_proc 
 


 Total Simulation Time: 0.109375 sec

 Current Memory Usage: 845.021 Meg

Wed May 20 16:51:42 2020

